19:39:07 INFO: Initializing mkimage
19:39:07 INFO:              Architecture:   aarch64
19:39:07 INFO:                   Edition:   
19:39:07 INFO:                   Version:   2023-07-11
19:39:07 INFO:         Working directory:   /buildir/r4c/wd/
19:39:07 INFO:    Installation directory:   /buildir/r4c/wd/aarch64
19:39:07 INFO:                Build date:   2023-07-11
19:39:07 INFO:          Output directory:   /buildir/r4c/out/
19:39:07 INFO:                    Device:   rock4c-plus
19:39:07 INFO:                Filesystem:   ext4
19:39:07 INFO:                Image type:   image
19:39:07 INFO:           Image file name:   BredOS-ARM-rock4c-plus-2023-07-11
19:39:07 INFO:             Packages File:   /home/bill88t/git/rock4c-plus-image/packages.aarch64
19:39:07 INFO: Copying files to /buildir/r4c/wd/aarch64
19:39:07 INFO: Install dir is:/buildir/r4c/wd/aarch64
19:39:07 INFO: Running pacstrap
19:42:18 INFO: Pacstrap complete
19:42:18 INFO: Partitioning rock4c-plus
19:42:19 INFO: Creating image file BredOS-ARM-rock4c-plus-2023-07-11.img
19:42:46 INFO: Attaching image file BredOS-ARM-rock4c-plus-2023-07-11.img to loop device /dev/loop1
19:42:46 INFO: 
+-----------------------------------------------+
|             /dev/loop1 Size 5017M             |
+-----------+-------+------+-------+------------+
| Partition | Start | End  |  Size | Filesystem |
+-----------+-------+------+-------+------------+
|   uboot   |   0%  | 64M  |  64M  |    NONE    |
|    boot   |  64M  | 200M |  136M |   fat32    |
|    root   |  200M | 100% | 4867M |    ext4    |
+-----------+-------+------+-------+------------+
19:42:52 INFO: Partitioned rock4c-plus successfully
19:42:52 INFO: Copying files to /buildir/r4c/wd/mnt/
19:43:56 INFO: Unmounting!
19:44:01 INFO: Copying BredOS-ARM-rock4c-plus-2023-07-11.img
19:44:02 INFO: Copied BredOS-ARM-rock4c-plus-2023-07-11.img
19:44:02 INFO: Cleaning up
19:44:07 INFO: Total time taken: 00:05:00
